
> @repo/web@0.1.0 build
> next build

▲ Next.js 16.2.3 (Turbopack)
- Environments: .env

  Creating an optimized production build ...
✓ Compiled successfully in 8.8s
  Running TypeScript ...
Failed to type check.

.next/types/validator.ts:738:31
Type error: Type 'typeof import("C:/Users/mukar/Desktop/Accounting/accounting-app/apps/web/app/api/accounts/[id]/route")' does not satisfy the constraint 'RouteHandlerConfig<"/api/accounts/[id]">'.
  Types of property 'GET' are incompatible.
    Type '(request: NextRequest, { params }: { params: { id: string; }; }) => Promise<Response>' is not assignable to type '(request: NextRequest, context: { params: Promise<{ id: string; }>; }) => void | Response | Promise<void | Response>'.
      Types of parameters '__1' and 'context' are incompatible.
        Type '{ params: Promise<{ id: string; }>; }' is not assignable to type '{ params: { id: string; }; }'.
          Types of property 'params' are incompatible.
            Property 'id' is missing in type 'Promise<{ id: string; }>' but required in type '{ id: string; }'.

  [90m736 |[0m   [36mtype[0m __IsExpected<[33mSpecific[0m [36mextends[0m [33mRouteHandlerConfig[0m<[32m"/api/accounts/[id]"[0m>> = [33mSpecific[0m
  [90m737 |[0m   [36mconst[0m handler = {} [36mas[0m [36mtypeof[0m [36mimport[0m([32m"../../app/api/accounts/[id]/route.js"[0m)
[31m[1m>[0m [90m738 |[0m   [36mtype[0m __Check = __IsExpected<[36mtypeof[0m handler>
  [90m    |[0m                               [31m[1m^[0m
  [90m739 |[0m   [90m// @ts-ignore[0m
  [90m740 |[0m   [36mtype[0m __Unused = __Check
  [90m741 |[0m }
Next.js build worker exited with code: 1 and signal: null
npm error Lifecycle script `build` failed with error:
npm error code 1
npm error path C:\Users\mukar\Desktop\Accounting\accounting-app\apps\web
npm error workspace @repo/web@0.1.0
npm error location C:\Users\mukar\Desktop\Accounting\accounting-app\apps\web
npm error command failed
npm error command C:\WINDOWS\system32\cmd.exe /d /s /c next build
